[    11.540] (--) Log file renamed from "/home/tresor75/.local/share/xorg/Xorg.pid-735.log" to "/home/tresor75/.local/share/xorg/Xorg.0.log"
[    11.552] 
X.Org X Server 1.20.8
X Protocol Version 11, Revision 0
[    11.552] Build Operating System: Linux 4.4.0-184-generic x86_64 Ubuntu
[    11.552] Current Operating System: Linux tresor75-VirtualBox 5.4.0-56-generic #62-Ubuntu SMP Mon Nov 23 19:20:19 UTC 2020 x86_64
[    11.552] Kernel command line: BOOT_IMAGE=/boot/vmlinuz-5.4.0-56-generic root=UUID=314c02e0-078a-4405-a578-426b87571705 ro quiet splash
[    11.552] Build Date: 24 June 2020  06:00:21AM
[    11.552] xorg-server 2:1.20.8-2ubuntu2.2 (For technical support please see http://www.ubuntu.com/support) 
[    11.552] Current version of pixman: 0.38.4
[    11.552] 	Before reporting problems, check http://wiki.x.org
	to make sure that you have the latest version.
[    11.552] Markers: (--) probed, (**) from config file, (==) default setting,
	(++) from command line, (!!) notice, (II) informational,
	(WW) warning, (EE) error, (NI) not implemented, (??) unknown.
[    11.553] (==) Log file: "/home/tresor75/.local/share/xorg/Xorg.0.log", Time: Mon Jan  4 14:26:18 2021
[    11.555] (==) Using system config directory "/usr/share/X11/xorg.conf.d"
[    11.560] (==) No Layout section.  Using the first Screen section.
[    11.561] (==) No screen section available. Using defaults.
[    11.561] (**) |-->Screen "Default Screen Section" (0)
[    11.561] (**) |   |-->Monitor "<default monitor>"
[    11.562] (==) No monitor specified for screen "Default Screen Section".
	Using a default monitor configuration.
[    11.562] (==) Automatically adding devices
[    11.562] (==) Automatically enabling devices
[    11.562] (==) Automatically adding GPU devices
[    11.562] (==) Automatically binding GPU devices
[    11.562] (==) Max clients allowed: 256, resource mask: 0x1fffff
[    11.572] (WW) The directory "/usr/share/fonts/X11/cyrillic" does not exist.
[    11.572] 	Entry deleted from font path.
[    11.572] (WW) The directory "/usr/share/fonts/X11/100dpi/" does not exist.
[    11.572] 	Entry deleted from font path.
[    11.572] (WW) The directory "/usr/share/fonts/X11/75dpi/" does not exist.
[    11.572] 	Entry deleted from font path.
[    11.574] (WW) The directory "/usr/share/fonts/X11/100dpi" does not exist.
[    11.574] 	Entry deleted from font path.
[    11.574] (WW) The directory "/usr/share/fonts/X11/75dpi" does not exist.
[    11.574] 	Entry deleted from font path.
[    11.574] (==) FontPath set to:
	/usr/share/fonts/X11/misc,
	/usr/share/fonts/X11/Type1,
	built-ins
[    11.574] (==) ModulePath set to "/usr/lib/xorg/modules"
[    11.574] (II) The server relies on udev to provide the list of input devices.
	If no devices become available, reconfigure udev or disable AutoAddDevices.
[    11.574] (II) Loader magic: 0x55878e21e020
[    11.574] (II) Module ABI versions:
[    11.574] 	X.Org ANSI C Emulation: 0.4
[    11.574] 	X.Org Video Driver: 24.1
[    11.574] 	X.Org XInput driver : 24.1
[    11.574] 	X.Org Server Extension : 10.0
[    11.575] (++) using VT number 2

[    11.577] (II) systemd-logind: took control of session /org/freedesktop/login1/session/_31
[    11.586] (II) xfree86: Adding drm device (/dev/dri/card0)
[    11.590] (II) systemd-logind: got fd for /dev/dri/card0 226:0 fd 12 paused 0
[    11.594] (--) PCI:*(0@0:2:0) 15ad:0405:15ad:0405 rev 0, Mem @ 0xe0000000/16777216, 0xf0000000/2097152, I/O @ 0x0000d010/16, BIOS @ 0x????????/131072
[    11.596] (II) LoadModule: "glx"
[    11.598] (II) Loading /usr/lib/xorg/modules/extensions/libglx.so
[    11.643] (II) Module glx: vendor="X.Org Foundation"
[    11.643] 	compiled for 1.20.8, module version = 1.0.0
[    11.643] 	ABI class: X.Org Server Extension, version 10.0
[    11.650] (==) Matched vmware as autoconfigured driver 0
[    11.650] (==) Matched modesetting as autoconfigured driver 1
[    11.650] (==) Matched fbdev as autoconfigured driver 2
[    11.650] (==) Matched vesa as autoconfigured driver 3
[    11.650] (==) Assigned the driver to the xf86ConfigLayout
[    11.650] (II) LoadModule: "vmware"
[    11.651] (II) Loading /usr/lib/xorg/modules/drivers/vmware_drv.so
[    12.503] (II) Module vmware: vendor="X.Org Foundation"
[    12.503] 	compiled for 1.20.8, module version = 13.3.0
[    12.503] 	Module class: X.Org Video Driver
[    12.503] 	ABI class: X.Org Video Driver, version 24.1
[    12.503] (II) LoadModule: "modesetting"
[    12.504] (II) Loading /usr/lib/xorg/modules/drivers/modesetting_drv.so
[    12.535] (II) Module modesetting: vendor="X.Org Foundation"
[    12.535] 	compiled for 1.20.8, module version = 1.20.8
[    12.535] 	Module class: X.Org Video Driver
[    12.535] 	ABI class: X.Org Video Driver, version 24.1
[    12.536] (II) LoadModule: "fbdev"
[    12.536] (II) Loading /usr/lib/xorg/modules/drivers/fbdev_drv.so
[    12.538] (II) Module fbdev: vendor="X.Org Foundation"
[    12.538] 	compiled for 1.20.1, module version = 0.5.0
[    12.539] 	Module class: X.Org Video Driver
[    12.539] 	ABI class: X.Org Video Driver, version 24.0
[    12.539] (II) LoadModule: "vesa"
[    12.540] (II) Loading /usr/lib/xorg/modules/drivers/vesa_drv.so
[    12.542] (II) Module vesa: vendor="X.Org Foundation"
[    12.542] 	compiled for 1.20.4, module version = 2.4.0
[    12.542] 	Module class: X.Org Video Driver
[    12.542] 	ABI class: X.Org Video Driver, version 24.0
[    12.542] (II) vmware: driver for VMware SVGA: vmware0405, vmware0710
[    12.542] (II) modesetting: Driver for Modesetting Kernel Drivers: kms
[    12.542] (II) FBDEV: driver for framebuffer: fbdev
[    12.542] (II) VESA: driver for VESA chipsets: vesa
[    12.542] xf86EnableIOPorts: failed to set IOPL for I/O (Operation not permitted)
[    12.542] (WW) Falling back to old probe method for modesetting
[    12.542] (WW) Falling back to old probe method for fbdev
[    12.542] (II) Loading sub module "fbdevhw"
[    12.543] (II) LoadModule: "fbdevhw"
[    12.543] (II) Loading /usr/lib/xorg/modules/libfbdevhw.so
[    12.544] (II) Module fbdevhw: vendor="X.Org Foundation"
[    12.544] 	compiled for 1.20.8, module version = 0.0.2
[    12.544] 	ABI class: X.Org Video Driver, version 24.1
[    12.544] (EE) open /dev/fb0: Permission denied
[    12.544] (WW) VGA arbiter: cannot open kernel arbiter, no multi-card support
[    12.544] (II) vmware(0): Creating default Display subsection in Screen section
	"Default Screen Section" for depth/fbbpp 24/32
[    12.544] (--) vmware(0): DRM driver version is 2.15.0
[    12.544] (==) vmware(0): Depth 24, (--) framebuffer bpp 32
[    12.544] (==) vmware(0): RGB weight 888
[    12.544] (==) vmware(0): Default visual is TrueColor
[    12.545] (--) vmware(0): Min width 1, Max Width 8192.
[    12.545] (--) vmware(0): Min height 1, Max Height 8192.
[    12.545] (II) vmware(0): Output Virtual1 has no monitor section
[    12.545] (II) vmware(0): Output Virtual2 has no monitor section
[    12.545] (II) vmware(0): Output Virtual3 has no monitor section
[    12.545] (II) vmware(0): Output Virtual4 has no monitor section
[    12.545] (II) vmware(0): Output Virtual5 has no monitor section
[    12.545] (II) vmware(0): Output Virtual6 has no monitor section
[    12.545] (II) vmware(0): Output Virtual7 has no monitor section
[    12.545] (II) vmware(0): Output Virtual8 has no monitor section
[    12.545] (II) vmware(0): Printing probed modes for output Virtual1
[    12.545] (II) vmware(0): Modeline "800x600"x60.0   42.75  800 850 900 950  600 650 700 750 -hsync +vsync (45.0 kHz eP)
[    12.545] (II) vmware(0): Modeline "2560x1600"x60.0  348.50  2560 2752 3032 3504  1600 1603 1609 1658 -hsync +vsync (99.5 kHz e)
[    12.545] (II) vmware(0): Modeline "1920x1440"x60.0  234.00  1920 2048 2256 2600  1440 1441 1444 1500 -hsync +vsync (90.0 kHz e)
[    12.545] (II) vmware(0): Modeline "1856x1392"x60.0  218.25  1856 1952 2176 2528  1392 1393 1396 1439 -hsync +vsync (86.3 kHz e)
[    12.545] (II) vmware(0): Modeline "1792x1344"x60.0  204.75  1792 1920 2120 2448  1344 1345 1348 1394 -hsync +vsync (83.6 kHz e)
[    12.545] (II) vmware(0): Modeline "1920x1200"x59.9  193.25  1920 2056 2256 2592  1200 1203 1209 1245 -hsync +vsync (74.6 kHz e)
[    12.545] (II) vmware(0): Modeline "1600x1200"x60.0  162.00  1600 1664 1856 2160  1200 1201 1204 1250 +hsync +vsync (75.0 kHz e)
[    12.545] (II) vmware(0): Modeline "1680x1050"x60.0  146.25  1680 1784 1960 2240  1050 1053 1059 1089 -hsync +vsync (65.3 kHz e)
[    12.545] (II) vmware(0): Modeline "1400x1050"x60.0  121.75  1400 1488 1632 1864  1050 1053 1057 1089 -hsync +vsync (65.3 kHz e)
[    12.545] (II) vmware(0): Modeline "1280x1024"x60.0  108.00  1280 1328 1440 1688  1024 1025 1028 1066 +hsync +vsync (64.0 kHz e)
[    12.545] (II) vmware(0): Modeline "1440x900"x59.9  106.50  1440 1520 1672 1904  900 903 909 934 -hsync +vsync (55.9 kHz e)
[    12.545] (II) vmware(0): Modeline "1280x960"x60.0  108.00  1280 1376 1488 1800  960 961 964 1000 +hsync +vsync (60.0 kHz e)
[    12.545] (II) vmware(0): Modeline "1360x768"x60.0   85.50  1360 1424 1536 1792  768 771 777 795 +hsync +vsync (47.7 kHz e)
[    12.545] (II) vmware(0): Modeline "1280x800"x59.8   83.50  1280 1352 1480 1680  800 803 809 831 +hsync -vsync (49.7 kHz e)
[    12.545] (II) vmware(0): Modeline "1152x864"x75.0  108.00  1152 1216 1344 1600  864 865 868 900 +hsync +vsync (67.5 kHz e)
[    12.545] (II) vmware(0): Modeline "1280x768"x59.9   79.50  1280 1344 1472 1664  768 771 778 798 -hsync +vsync (47.8 kHz e)
[    12.545] (II) vmware(0): Modeline "1024x768"x60.0   65.00  1024 1048 1184 1344  768 771 777 806 -hsync -vsync (48.4 kHz e)
[    12.545] (II) vmware(0): Modeline "800x600"x60.3   40.00  800 840 968 1056  600 601 605 628 +hsync +vsync (37.9 kHz e)
[    12.545] (II) vmware(0): Modeline "640x480"x59.9   25.18  640 656 752 800  480 489 492 525 -hsync -vsync (31.5 kHz e)
[    12.545] (II) vmware(0): EDID for output Virtual2
[    12.545] (II) vmware(0): EDID for output Virtual3
[    12.545] (II) vmware(0): EDID for output Virtual4
[    12.545] (II) vmware(0): EDID for output Virtual5
[    12.545] (II) vmware(0): EDID for output Virtual6
[    12.545] (II) vmware(0): EDID for output Virtual7
[    12.545] (II) vmware(0): EDID for output Virtual8
[    12.545] (II) vmware(0): Output Virtual1 connected
[    12.545] (II) vmware(0): Output Virtual2 disconnected
[    12.545] (II) vmware(0): Output Virtual3 disconnected
[    12.545] (II) vmware(0): Output Virtual4 disconnected
[    12.545] (II) vmware(0): Output Virtual5 disconnected
[    12.545] (II) vmware(0): Output Virtual6 disconnected
[    12.545] (II) vmware(0): Output Virtual7 disconnected
[    12.545] (II) vmware(0): Output Virtual8 disconnected
[    12.545] (II) vmware(0): Using exact sizes for initial modes
[    12.545] (II) vmware(0): Output Virtual1 using initial mode 800x600 +0+0
[    12.545] (==) vmware(0): DPI set to (96, 96)
[    12.545] (==) vmware(0): Using gamma correction (1.0, 1.0, 1.0)
[    12.545] (II) Loading sub module "fb"
[    12.545] (II) LoadModule: "fb"
[    12.546] (II) Loading /usr/lib/xorg/modules/libfb.so
[    12.552] (II) Module fb: vendor="X.Org Foundation"
[    12.552] 	compiled for 1.20.8, module version = 1.0.0
[    12.552] 	ABI class: X.Org ANSI C Emulation, version 0.4
[    12.552] (II) Loading sub module "dri2"
[    12.552] (II) LoadModule: "dri2"
[    12.552] (II) Module "dri2" already built-in
[    12.552] (II) Loading sub module "dri3"
[    12.552] (II) LoadModule: "dri3"
[    12.552] (II) Module "dri3" already built-in
[    12.552] (II) UnloadModule: "modesetting"
[    12.552] (II) Unloading modesetting
[    12.552] (II) UnloadModule: "fbdev"
[    12.552] (II) Unloading fbdev
[    12.552] (II) UnloadSubModule: "fbdevhw"
[    12.552] (II) Unloading fbdevhw
[    12.552] (II) UnloadModule: "vesa"
[    12.552] (II) Unloading vesa
[    12.555] (II) vmware(0): Initialized VMWARE_CTRL extension version 0.2
[    12.616] (WW) vmware(0): Failed to initialize Gallium3D Xa. No render acceleration available.
[    12.616] (WW) vmware(0): Skipped initialization of direct rendering due to lack of render acceleration.
[    12.616] (--) vmware(0): Render acceleration is disabled.
[    12.616] (==) vmware(0): Rendercheck mode is disabled.
[    12.616] (--) vmware(0): Direct rendering (DRI2 3D) is disabled.
[    12.616] (--) vmware(0): Direct rendering (DRI3 3D) is disabled.
[    12.616] (==) vmware(0): Backing store enabled
[    12.616] (==) vmware(0): Silken mouse enabled
[    12.625] (==) vmware(0): DPMS enabled
[    12.625] (II) vmware(0): No 3D acceleration. Not setting up textured video.
[    12.625] (WW) vmware(0): Disabling Xv because no adaptors could be initialized.
[    12.625] (II) Initializing extension Generic Event Extension
[    12.625] (II) Initializing extension SHAPE
[    12.625] (II) Initializing extension MIT-SHM
[    12.625] (II) Initializing extension XInputExtension
[    12.627] (II) Initializing extension XTEST
[    12.627] (II) Initializing extension BIG-REQUESTS
[    12.627] (II) Initializing extension SYNC
[    12.627] (II) Initializing extension XKEYBOARD
[    12.627] (II) Initializing extension XC-MISC
[    12.627] (II) Initializing extension SECURITY
[    12.627] (II) Initializing extension XFIXES
[    12.631] (II) Initializing extension RENDER
[    12.631] (II) Initializing extension RANDR
[    12.631] (II) Initializing extension COMPOSITE
[    12.632] (II) Initializing extension DAMAGE
[    12.632] (II) Initializing extension MIT-SCREEN-SAVER
[    12.634] (II) Initializing extension DOUBLE-BUFFER
[    12.634] (II) Initializing extension RECORD
[    12.634] (II) Initializing extension DPMS
[    12.634] (II) Initializing extension Present
[    12.634] (II) Initializing extension DRI3
[    12.634] (II) Initializing extension X-Resource
[    12.634] (II) Initializing extension XVideo
[    12.635] (II) Initializing extension XVideo-MotionCompensation
[    12.635] (II) Initializing extension SELinux
[    12.635] (II) SELinux: Disabled on system
[    12.635] (II) Initializing extension GLX
[    12.635] (II) AIGLX: Screen 0 is not DRI2 capable
[    12.836] (II) IGLX: Loaded and initialized swrast
[    12.836] (II) GLX: Initialized DRISWRAST GL provider for screen 0
[    12.836] (II) Initializing extension XFree86-VidModeExtension
[    12.837] (II) Initializing extension XFree86-DGA
[    12.837] (II) Initializing extension XFree86-DRI
[    12.838] (II) Initializing extension DRI2
[    13.030] (II) vmware(0): Setting screen physical size to 211 x 158
[    13.269] (II) config/udev: Adding input device Power Button (/dev/input/event0)
[    13.269] (**) Power Button: Applying InputClass "libinput keyboard catchall"
[    13.270] (II) LoadModule: "libinput"
[    13.270] (II) Loading /usr/lib/xorg/modules/input/libinput_drv.so
[    13.282] (II) Module libinput: vendor="X.Org Foundation"
[    13.282] 	compiled for 1.20.4, module version = 0.29.0
[    13.282] 	Module class: X.Org XInput Driver
[    13.283] 	ABI class: X.Org XInput driver, version 24.1
[    13.283] (II) Using input driver 'libinput' for 'Power Button'
[    13.285] (II) systemd-logind: got fd for /dev/input/event0 13:64 fd 20 paused 0
[    13.285] (**) Power Button: always reports core events
[    13.285] (**) Option "Device" "/dev/input/event0"
[    13.285] (**) Option "_source" "server/udev"
[    13.317] (II) event0  - Power Button: is tagged by udev as: Keyboard
[    13.317] (II) event0  - Power Button: device is a keyboard
[    13.317] (II) event0  - Power Button: device removed
[    13.317] (**) Option "config_info" "udev:/sys/devices/LNXSYSTM:00/LNXPWRBN:00/input/input0/event0"
[    13.317] (II) XINPUT: Adding extended input device "Power Button" (type: KEYBOARD, id 6)
[    13.317] (**) Option "xkb_model" "pc105"
[    13.317] (**) Option "xkb_layout" "fr"
[    13.317] (**) Option "xkb_variant" "azerty"
[    13.403] (II) event0  - Power Button: is tagged by udev as: Keyboard
[    13.403] (II) event0  - Power Button: device is a keyboard
[    13.408] (II) config/udev: Adding input device Sleep Button (/dev/input/event1)
[    13.408] (**) Sleep Button: Applying InputClass "libinput keyboard catchall"
[    13.408] (II) Using input driver 'libinput' for 'Sleep Button'
[    13.411] (II) systemd-logind: got fd for /dev/input/event1 13:65 fd 23 paused 0
[    13.411] (**) Sleep Button: always reports core events
[    13.411] (**) Option "Device" "/dev/input/event1"
[    13.411] (**) Option "_source" "server/udev"
[    13.414] (II) event1  - Sleep Button: is tagged by udev as: Keyboard
[    13.414] (II) event1  - Sleep Button: device is a keyboard
[    13.415] (II) event1  - Sleep Button: device removed
[    13.415] (**) Option "config_info" "udev:/sys/devices/LNXSYSTM:00/LNXSLPBN:00/input/input1/event1"
[    13.415] (II) XINPUT: Adding extended input device "Sleep Button" (type: KEYBOARD, id 7)
[    13.418] (**) Option "xkb_model" "pc105"
[    13.418] (**) Option "xkb_layout" "fr"
[    13.418] (**) Option "xkb_variant" "azerty"
[    13.419] (II) event1  - Sleep Button: is tagged by udev as: Keyboard
[    13.419] (II) event1  - Sleep Button: device is a keyboard
[    13.420] (II) config/udev: Adding input device Video Bus (/dev/input/event3)
[    13.420] (**) Video Bus: Applying InputClass "libinput keyboard catchall"
[    13.420] (II) Using input driver 'libinput' for 'Video Bus'
[    13.423] (II) systemd-logind: got fd for /dev/input/event3 13:67 fd 24 paused 0
[    13.423] (**) Video Bus: always reports core events
[    13.423] (**) Option "Device" "/dev/input/event3"
[    13.423] (**) Option "_source" "server/udev"
[    13.430] (II) event3  - Video Bus: is tagged by udev as: Keyboard
[    13.430] (II) event3  - Video Bus: device is a keyboard
[    13.431] (II) event3  - Video Bus: device removed
[    13.431] (**) Option "config_info" "udev:/sys/devices/LNXSYSTM:00/LNXSYBUS:00/PNP0A03:00/LNXVIDEO:00/input/input4/event3"
[    13.431] (II) XINPUT: Adding extended input device "Video Bus" (type: KEYBOARD, id 8)
[    13.431] (**) Option "xkb_model" "pc105"
[    13.431] (**) Option "xkb_layout" "fr"
[    13.431] (**) Option "xkb_variant" "azerty"
[    13.432] (II) event3  - Video Bus: is tagged by udev as: Keyboard
[    13.432] (II) event3  - Video Bus: device is a keyboard
[    13.437] (II) config/udev: Adding input device VirtualBox mouse integration (/dev/input/event5)
[    13.437] (**) VirtualBox mouse integration: Applying InputClass "libinput pointer catchall"
[    13.437] (II) Using input driver 'libinput' for 'VirtualBox mouse integration'
[    13.440] (II) systemd-logind: got fd for /dev/input/event5 13:69 fd 25 paused 0
[    13.441] (**) VirtualBox mouse integration: always reports core events
[    13.441] (**) Option "Device" "/dev/input/event5"
[    13.441] (**) Option "_source" "server/udev"
[    13.443] (II) event5  - VirtualBox mouse integration: is tagged by udev as: Mouse
[    13.443] (II) event5  - VirtualBox mouse integration: device is a pointer
[    13.443] (II) event5  - VirtualBox mouse integration: device removed
[    13.443] (**) Option "config_info" "udev:/sys/devices/pci0000:00/0000:00:04.0/input/input6/event5"
[    13.443] (II) XINPUT: Adding extended input device "VirtualBox mouse integration" (type: MOUSE, id 9)
[    13.443] (**) Option "AccelerationScheme" "none"
[    13.443] (**) VirtualBox mouse integration: (accel) selected scheme none/0
[    13.443] (**) VirtualBox mouse integration: (accel) acceleration factor: 2.000
[    13.444] (**) VirtualBox mouse integration: (accel) acceleration threshold: 4
[    13.445] (II) event5  - VirtualBox mouse integration: is tagged by udev as: Mouse
[    13.445] (II) event5  - VirtualBox mouse integration: device is a pointer
[    13.446] (II) config/udev: Adding input device AT Translated Set 2 keyboard (/dev/input/event2)
[    13.446] (**) AT Translated Set 2 keyboard: Applying InputClass "libinput keyboard catchall"
[    13.446] (II) Using input driver 'libinput' for 'AT Translated Set 2 keyboard'
[    13.450] (II) systemd-logind: got fd for /dev/input/event2 13:66 fd 26 paused 0
[    13.450] (**) AT Translated Set 2 keyboard: always reports core events
[    13.450] (**) Option "Device" "/dev/input/event2"
[    13.454] (**) Option "_source" "server/udev"
[    13.459] (II) event2  - AT Translated Set 2 keyboard: is tagged by udev as: Keyboard
[    13.459] (II) event2  - AT Translated Set 2 keyboard: device is a keyboard
[    13.461] (II) event2  - AT Translated Set 2 keyboard: device removed
[    13.461] (**) Option "config_info" "udev:/sys/devices/platform/i8042/serio0/input/input2/event2"
[    13.462] (II) XINPUT: Adding extended input device "AT Translated Set 2 keyboard" (type: KEYBOARD, id 10)
[    13.462] (**) Option "xkb_model" "pc105"
[    13.462] (**) Option "xkb_layout" "fr"
[    13.462] (**) Option "xkb_variant" "azerty"
[    13.463] (II) event2  - AT Translated Set 2 keyboard: is tagged by udev as: Keyboard
[    13.463] (II) event2  - AT Translated Set 2 keyboard: device is a keyboard
[    13.466] (II) config/udev: Adding input device ImExPS/2 Generic Explorer Mouse (/dev/input/event4)
[    13.466] (**) ImExPS/2 Generic Explorer Mouse: Applying InputClass "libinput pointer catchall"
[    13.466] (II) Using input driver 'libinput' for 'ImExPS/2 Generic Explorer Mouse'
[    13.469] (II) systemd-logind: got fd for /dev/input/event4 13:68 fd 27 paused 0
[    13.469] (**) ImExPS/2 Generic Explorer Mouse: always reports core events
[    13.469] (**) Option "Device" "/dev/input/event4"
[    13.469] (**) Option "_source" "server/udev"
[    13.469] (II) event4  - ImExPS/2 Generic Explorer Mouse: is tagged by udev as: Mouse
[    13.470] (II) event4  - ImExPS/2 Generic Explorer Mouse: device is a pointer
[    13.472] (II) event4  - ImExPS/2 Generic Explorer Mouse: device removed
[    13.472] (**) Option "config_info" "udev:/sys/devices/platform/i8042/serio1/input/input5/event4"
[    13.472] (II) XINPUT: Adding extended input device "ImExPS/2 Generic Explorer Mouse" (type: MOUSE, id 11)
[    13.472] (**) Option "AccelerationScheme" "none"
[    13.472] (**) ImExPS/2 Generic Explorer Mouse: (accel) selected scheme none/0
[    13.472] (**) ImExPS/2 Generic Explorer Mouse: (accel) acceleration factor: 2.000
[    13.472] (**) ImExPS/2 Generic Explorer Mouse: (accel) acceleration threshold: 4
[    13.483] (II) event4  - ImExPS/2 Generic Explorer Mouse: is tagged by udev as: Mouse
[    13.483] (II) event4  - ImExPS/2 Generic Explorer Mouse: device is a pointer
[    13.484] (II) config/udev: Adding input device ImExPS/2 Generic Explorer Mouse (/dev/input/mouse0)
[    13.484] (II) No input driver specified, ignoring this device.
[    13.484] (II) This device may have been added with another device file.
